{
  "RSpec": {
    "coverage": {
      "/home/bonnmasa/app/celeano/app/helpers/application_helper.rb": {
        "lines": [
          1,
          null
        ]
      },
      "/home/bonnmasa/app/celeano/app/channels/application_cable/connection.rb": {
        "lines": [
          1,
          1,
          1,
          null,
          1,
          3,
          null,
          null,
          1,
          1,
          3,
          3,
          3,
          null,
          2,
          null,
          null,
          null
        ]
      },
      "/home/bonnmasa/app/celeano/app/channels/game_channel.rb": {
        "lines": [
          1,
          1,
          4,
          null,
          null,
          4,
          1,
          null,
          3,
          null,
          null,
          null,
          1,
          null,
          null,
          null
        ]
      },
      "/home/bonnmasa/app/celeano/app/channels/application_cable/channel.rb": {
        "lines": [
          1,
          1,
          null,
          null
        ]
      },
      "/home/bonnmasa/app/celeano/app/channels/matchmaking_channel.rb": {
        "lines": [
          1,
          1,
          2,
          null,
          null,
          1,
          null,
          1,
          null,
          null
        ]
      },
      "/home/bonnmasa/app/celeano/app/components/auth_form_header_component.rb": {
        "lines": [
          null,
          null,
          1,
          1,
          19,
          19,
          null,
          null,
          1,
          null
        ]
      },
      "/home/bonnmasa/app/celeano/app/components/application_component.rb": {
        "lines": [
          null,
          null,
          1,
          null
        ]
      },
      "/home/bonnmasa/app/celeano/app/components/auth_logo_component.rb": {
        "lines": [
          null,
          null,
          1,
          1,
          20,
          20,
          null,
          null,
          1,
          null
        ]
      },
      "/home/bonnmasa/app/celeano/app/components/button_component.rb": {
        "lines": [
          null,
          null,
          1,
          1,
          21,
          21,
          21,
          21,
          null,
          null,
          1,
          null,
          1,
          21,
          null,
          null
        ]
      },
      "/home/bonnmasa/app/celeano/app/components/flash_component.rb": {
        "lines": [
          null,
          null,
          1,
          1,
          47,
          null,
          null,
          1,
          69,
          null,
          null,
          1,
          64,
          null,
          null,
          1,
          47,
          null,
          null
        ]
      },
      "/home/bonnmasa/app/celeano/app/components/form_input_component.rb": {
        "lines": [
          null,
          null,
          1,
          1,
          49,
          49,
          49,
          49,
          49,
          49,
          null,
          null,
          1,
          null,
          1,
          49,
          16,
          22,
          10,
          1,
          null,
          null,
          null
        ]
      },
      "/home/bonnmasa/app/celeano/app/models/game.rb": {
        "lines": [
          1,
          1,
          null,
          1,
          null,
          1,
          1,
          null,
          null,
          null,
          null,
          null,
          null,
          null,
          null,
          null,
          1,
          null,
          null,
          1,
          null,
          null,
          null,
          null,
          null,
          null,
          null,
          1,
          1,
          null,
          1,
          null,
          1,
          null,
          1,
          1,
          1,
          null,
          1,
          57,
          null,
          null,
          1,
          17,
          null,
          17,
          17,
          null,
          null,
          null,
          null,
          null,
          null,
          null,
          17,
          null,
          null,
          null,
          null,
          null,
          null,
          null,
          1,
          4,
          4,
          null,
          null,
          null,
          null,
          null,
          null,
          null,
          4,
          null,
          null,
          null,
          null,
          null,
          null,
          null,
          null,
          1,
          6,
          null,
          5,
          1,
          4,
          2,
          null,
          null,
          null,
          1,
          5,
          null,
          4,
          4,
          null,
          null,
          1,
          null,
          1,
          353,
          null,
          null
        ]
      },
      "/home/bonnmasa/app/celeano/app/models/application_record.rb": {
        "lines": [
          1,
          1,
          null
        ]
      },
      "/home/bonnmasa/app/celeano/app/models/concerns/loggable.rb": {
        "lines": [
          1,
          1,
          null,
          1,
          246,
          null,
          null,
          null,
          null,
          null,
          null,
          1,
          null,
          1,
          246,
          null,
          null,
          1,
          246,
          null,
          null,
          null,
          null,
          null,
          null,
          1,
          246,
          null,
          null
        ]
      },
      "/home/bonnmasa/app/celeano/app/components/game/card/detail_component.rb": {
        "lines": [
          null,
          null,
          1,
          1,
          23,
          null,
          null,
          null,
          null
        ]
      },
      "/home/bonnmasa/app/celeano/app/components/game/card/base_component.rb": {
        "lines": [
          null,
          null,
          1,
          1,
          46,
          null,
          null,
          1,
          46,
          null,
          null,
          1,
          46,
          null,
          null,
          1,
          null,
          46,
          46,
          0,
          46,
          0,
          46,
          0,
          46,
          0,
          null,
          null,
          46,
          null,
          null,
          null,
          1,
          23,
          null,
          null,
          1,
          23,
          null,
          null,
          1,
          23,
          null,
          null,
          1,
          88,
          84,
          null,
          4,
          null,
          null,
          null,
          1,
          88,
          84,
          null,
          4,
          null,
          null,
          null,
          1,
          42,
          null,
          null,
          null,
          1,
          46,
          42,
          null,
          null,
          1,
          46,
          42,
          null,
          null,
          1,
          92,
          84,
          null,
          null,
          1,
          46,
          42,
          null,
          null,
          1,
          46,
          null,
          null,
          1,
          46,
          null,
          null,
          1,
          69,
          null,
          null,
          1,
          46,
          null,
          null,
          1,
          0,
          null,
          null,
          1,
          23,
          null,
          null,
          1,
          23,
          null,
          null,
          1,
          92,
          null,
          null,
          1,
          46,
          null,
          null,
          1,
          null,
          1,
          1119,
          null,
          null,
          1,
          644,
          null,
          null
        ]
      },
      "/home/bonnmasa/app/celeano/app/components/game/card/simple_component.rb": {
        "lines": [
          null,
          null,
          1,
          1,
          23,
          23,
          23,
          23,
          null,
          null,
          1,
          69,
          null,
          null,
          1,
          44,
          null,
          null,
          1,
          null,
          0,
          null,
          0,
          null,
          null,
          1,
          0,
          null,
          null,
          1,
          0,
          null,
          null,
          1,
          null,
          null,
          null,
          23,
          null,
          21,
          null,
          null,
          1,
          23,
          23,
          23,
          23,
          23,
          23,
          23,
          23,
          23,
          null,
          null
        ]
      },
      "/home/bonnmasa/app/celeano/app/components/game/card_component.rb": {
        "lines": [
          null,
          null,
          1,
          1,
          22,
          22,
          22,
          null,
          null,
          1,
          22,
          null,
          21,
          null,
          1,
          null,
          null,
          0,
          null,
          null,
          22,
          null,
          null,
          22,
          1,
          null,
          null,
          21,
          null,
          null,
          null,
          21,
          8,
          6,
          null,
          21,
          null,
          null,
          null,
          null,
          null,
          null,
          null,
          21,
          21,
          null,
          21,
          19,
          null,
          null,
          21,
          14,
          14,
          null,
          null,
          21,
          null,
          21,
          21,
          null,
          null,
          null,
          null,
          null,
          null,
          21,
          21,
          null,
          null,
          null,
          null,
          null,
          21,
          null,
          null,
          21,
          6,
          null,
          null,
          null,
          6,
          null,
          null,
          21,
          21,
          21,
          null,
          null
        ]
      },
      "/home/bonnmasa/app/celeano/app/components/game/controls_component.rb": {
        "lines": [
          null,
          null,
          1,
          1,
          4,
          null,
          null,
          1,
          null,
          1,
          4,
          null,
          null,
          1,
          4,
          null,
          null,
          1,
          4,
          null,
          null
        ]
      },
      "/home/bonnmasa/app/celeano/app/components/game/field_component.rb": {
        "lines": [
          null,
          null,
          1,
          1,
          12,
          12,
          12,
          12,
          null,
          null,
          1,
          147,
          147,
          null,
          null,
          1,
          12,
          null,
          null,
          1,
          20,
          null,
          null,
          1,
          null,
          73,
          null,
          null,
          1,
          13,
          null,
          null,
          1,
          12,
          null,
          null,
          1,
          36,
          null,
          null,
          1,
          36,
          null,
          null,
          1,
          null,
          2,
          null,
          13,
          null,
          null,
          null,
          1,
          null,
          1,
          null,
          591,
          null,
          null,
          102,
          null,
          null,
          1,
          36,
          null,
          5,
          null,
          null,
          null,
          null,
          5,
          2,
          null,
          4,
          null,
          null,
          null,
          1,
          null,
          36,
          null,
          null,
          1,
          null,
          218,
          null,
          null,
          1,
          null,
          28,
          11,
          null,
          null,
          null,
          null,
          28,
          null,
          null,
          1,
          12,
          null,
          null,
          1,
          12,
          null,
          null,
          1,
          12,
          null,
          null,
          1,
          86,
          null,
          null,
          1,
          10,
          null,
          null,
          1,
          10,
          null,
          null,
          1,
          20,
          null,
          null,
          20,
          null,
          18,
          null,
          18,
          null,
          6,
          2,
          null,
          4,
          null,
          null,
          null,
          1,
          1,
          null,
          1,
          null,
          null,
          null,
          null,
          null,
          null,
          null,
          null,
          null,
          null
        ]
      },
      "/home/bonnmasa/app/celeano/app/components/game/game_over_overlay_component.rb": {
        "lines": [
          null,
          null,
          1,
          1,
          7,
          7,
          7,
          null,
          0,
          0,
          null,
          null,
          null,
          1,
          7,
          null,
          null,
          1,
          0,
          null,
          0,
          null,
          0,
          null,
          0,
          null,
          null,
          null,
          1,
          8,
          null,
          null,
          1,
          12,
          null,
          null,
          1,
          10,
          null,
          null,
          1,
          6,
          6,
          1,
          5,
          1,
          4,
          1,
          null,
          3,
          3,
          null,
          6,
          null,
          null,
          1,
          null,
          1,
          7,
          6,
          5,
          2,
          null,
          null,
          1,
          7,
          1,
          2,
          0,
          1,
          1,
          2,
          null,
          null,
          null,
          1,
          null,
          6,
          1,
          null,
          1,
          null,
          1,
          null,
          1,
          null,
          2,
          null,
          0,
          null,
          null,
          null,
          1,
          3,
          2,
          0,
          1,
          null,
          null,
          null
        ]
      },
      "/home/bonnmasa/app/celeano/app/components/game/hand_component.rb": {
        "lines": [
          null,
          null,
          1,
          1,
          4,
          4,
          null,
          null,
          1,
          7,
          null,
          null,
          1,
          8,
          null,
          null,
          1,
          4,
          null,
          null
        ]
      },
      "/home/bonnmasa/app/celeano/app/components/game/phase_cut_in_component.rb": {
        "lines": [
          null,
          null,
          1,
          1,
          null,
          null,
          null
        ]
      },
      "/home/bonnmasa/app/celeano/app/components/game/reserved_spells_component.rb": {
        "lines": [
          null,
          null,
          1,
          1,
          4,
          null,
          null
        ]
      },
      "/home/bonnmasa/app/celeano/app/components/game/status_bar_component.rb": {
        "lines": [
          null,
          null,
          1,
          1,
          17,
          null,
          null,
          null,
          null,
          null,
          1,
          0,
          null,
          null,
          1,
          34,
          null,
          null,
          1,
          17,
          null,
          null,
          1,
          51,
          null,
          null,
          1,
          17,
          null,
          null,
          1,
          0,
          null,
          null,
          1,
          1,
          1,
          1,
          17,
          null,
          2,
          15,
          0,
          15,
          0,
          null,
          15,
          null,
          null,
          null
        ]
      },
      "/home/bonnmasa/app/celeano/app/components/lobby/game_mode_card_component.rb": {
        "lines": [
          1,
          1,
          1,
          30,
          30,
          30,
          30,
          30,
          30,
          null,
          null,
          1,
          null,
          1,
          null,
          null
        ]
      },
      "/home/bonnmasa/app/celeano/app/components/lobby/user_profile_component.rb": {
        "lines": [
          1,
          1,
          1,
          16,
          null,
          null,
          1,
          null,
          1,
          null,
          null
        ]
      },
      "/home/bonnmasa/app/celeano/app/components/matchmaking/flavor_text_component.rb": {
        "lines": [
          1,
          1,
          1,
          null,
          null,
          null
        ]
      },
      "/home/bonnmasa/app/celeano/app/components/matchmaking/player_card_component.rb": {
        "lines": [
          1,
          1,
          1,
          6,
          6,
          6,
          6,
          6,
          null,
          null,
          1,
          null,
          1,
          null,
          1,
          6,
          null,
          null,
          1,
          6,
          null,
          4,
          null,
          2,
          null,
          null,
          null,
          1,
          6,
          null,
          4,
          null,
          2,
          null,
          null,
          null,
          1,
          6,
          null,
          4,
          null,
          2,
          null,
          null,
          null,
          null
        ]
      },
      "/home/bonnmasa/app/celeano/app/interactors/cancel_card_play.rb": {
        "lines": [
          1,
          1,
          null,
          1,
          7,
          7,
          null,
          7,
          7,
          null,
          null,
          7,
          7,
          0,
          null,
          null,
          null,
          null,
          7,
          null,
          7,
          2,
          null,
          null,
          5,
          null,
          5,
          null,
          5,
          null,
          null,
          5,
          null,
          null,
          null,
          null,
          null,
          null,
          0,
          null,
          null
        ]
      },
      "/home/bonnmasa/app/celeano/app/interactors/create_move.rb": {
        "lines": [
          1,
          1,
          null,
          1,
          5,
          null,
          5,
          4,
          null,
          1,
          null,
          null,
          null,
          1,
          null,
          1,
          5,
          null,
          null,
          null,
          null,
          null,
          null,
          null,
          null,
          1,
          5,
          null,
          null,
          1,
          5,
          null,
          null,
          1,
          10,
          null,
          null,
          1,
          1,
          null,
          null
        ]
      },
      "/home/bonnmasa/app/celeano/app/interactors/create_next_turn.rb": {
        "lines": [
          null,
          1,
          1,
          null,
          1,
          12,
          12,
          null,
          12,
          null,
          12,
          null,
          9,
          null,
          null,
          null,
          null,
          9,
          null,
          9,
          null,
          null,
          null
        ]
      },
      "/home/bonnmasa/app/celeano/app/interactors/determine_attack_targets.rb": {
        "lines": [
          1,
          1,
          null,
          1,
          19,
          19,
          null,
          19,
          null,
          null,
          null,
          null,
          null,
          null,
          19,
          19,
          95,
          38,
          null,
          38,
          19,
          9,
          null,
          null,
          null,
          null,
          null,
          null,
          null,
          null,
          null,
          null,
          null,
          null,
          19,
          9,
          null,
          null,
          null,
          null,
          null,
          null,
          null,
          null,
          null,
          null,
          null,
          null,
          null,
          null,
          null,
          9,
          null,
          9,
          0,
          7,
          2,
          0,
          null,
          null,
          9,
          null,
          null,
          19,
          9,
          9,
          null,
          9,
          9,
          null,
          null,
          null,
          null,
          null,
          null,
          19,
          null,
          null
        ]
      },
      "/home/bonnmasa/app/celeano/app/interactors/draw_cards.rb": {
        "lines": [
          null,
          1,
          1,
          null,
          1,
          15,
          null,
          15,
          null,
          13,
          24,
          null,
          null,
          24,
          2,
          2,
          null,
          null,
          null,
          null
        ]
      },
      "/home/bonnmasa/app/celeano/app/interactors/enforce_hand_limit.rb": {
        "lines": [
          null,
          1,
          1,
          null,
          1,
          null,
          1,
          15,
          null,
          15,
          null,
          13,
          21,
          null,
          null,
          null,
          1,
          null,
          1,
          21,
          21,
          null,
          21,
          null,
          null,
          6,
          null,
          6,
          6,
          9,
          null,
          null,
          null,
          null
        ]
      },
      "/home/bonnmasa/app/celeano/app/interactors/pay_resolve_phase_costs.rb": {
        "lines": [
          1,
          1,
          null,
          1,
          22,
          22,
          null,
          21,
          21,
          null,
          null,
          21,
          null,
          null,
          21,
          null,
          21,
          30,
          null,
          null,
          null,
          21,
          7,
          7,
          null,
          7,
          null,
          null,
          7,
          null,
          null,
          7,
          null,
          null,
          null,
          null,
          null,
          null,
          null,
          null,
          null,
          21,
          21,
          null,
          21,
          null,
          null,
          1,
          null,
          null,
          1,
          null,
          1,
          null,
          null,
          0,
          0,
          null,
          null,
          null,
          null,
          null,
          1,
          null,
          1,
          1,
          2,
          2,
          null,
          2,
          null,
          null,
          2,
          null,
          2,
          null,
          null,
          null,
          null,
          null,
          null,
          null,
          0,
          null,
          0,
          null,
          null,
          null,
          null,
          null,
          null,
          null,
          null,
          null,
          null,
          null,
          2,
          null,
          null,
          null,
          null,
          null,
          null,
          2,
          null,
          null,
          null
        ]
      },
      "/home/bonnmasa/app/celeano/app/interactors/pay_spell_costs.rb": {
        "lines": [
          1,
          1,
          null,
          1,
          10,
          null,
          10,
          null,
          10,
          9,
          9,
          null,
          null,
          null
        ]
      },
      "/home/bonnmasa/app/celeano/app/interactors/pay_unit_costs.rb": {
        "lines": [
          1,
          1,
          null,
          1,
          11,
          null,
          10,
          null,
          10,
          10,
          10,
          null,
          null,
          null
        ]
      },
      "/home/bonnmasa/app/celeano/app/interactors/planning_phase.rb": {
        "lines": [
          null,
          null,
          null,
          null,
          1,
          1,
          null,
          1,
          null,
          1,
          8,
          8,
          null,
          null,
          8,
          null,
          null,
          8,
          null,
          8,
          null,
          null
        ]
      },
      "/home/bonnmasa/app/celeano/app/interactors/resolve_phase.rb": {
        "lines": [
          1,
          1,
          null,
          null,
          null,
          null,
          null,
          null,
          null,
          null,
          null,
          null,
          null,
          1,
          null,
          null,
          null,
          null,
          null,
          null,
          null,
          null,
          null,
          null
        ]
      },
      "/home/bonnmasa/app/celeano/app/interactors/resolve_spells.rb": {
        "lines": [
          1,
          1,
          null,
          1,
          19,
          19,
          null,
          null,
          16,
          null,
          16,
          8,
          null,
          8,
          null,
          null,
          8,
          8,
          null,
          8,
          null,
          null,
          8,
          null,
          null,
          null,
          null,
          null,
          null,
          null,
          null,
          8,
          2,
          null,
          null,
          null,
          null,
          null,
          null,
          8,
          null,
          null,
          8,
          0,
          8,
          0,
          null,
          8,
          null,
          null,
          null,
          6,
          null,
          null,
          null,
          6,
          null,
          null,
          null,
          1,
          null,
          1,
          null,
          6,
          0,
          0,
          6,
          null,
          null,
          6,
          null,
          null,
          1,
          6,
          6,
          null,
          6,
          null,
          6,
          null,
          6,
          null,
          0,
          0,
          null,
          0,
          null,
          0,
          null,
          null,
          null,
          1,
          6,
          6,
          null,
          null
        ]
      },
      "/home/bonnmasa/app/celeano/app/interactors/process_deaths.rb": {
        "lines": [
          null,
          1,
          1,
          null,
          1,
          26,
          null,
          26,
          26,
          null,
          26,
          null,
          26,
          26,
          null,
          9,
          null,
          null,
          9,
          null,
          9,
          null,
          null,
          null,
          null,
          null,
          null,
          null,
          null,
          26,
          null,
          null
        ]
      },
      "/home/bonnmasa/app/celeano/app/interactors/reveal_cards.rb": {
        "lines": [
          null,
          null,
          1,
          1,
          null,
          1,
          19,
          null,
          19,
          19,
          null,
          null,
          null,
          1,
          null,
          1,
          null,
          19,
          null,
          null,
          null,
          null,
          null,
          19,
          null,
          9,
          null,
          null,
          null,
          9,
          null,
          null,
          null,
          null,
          null,
          null,
          9,
          9,
          1,
          null,
          null,
          null,
          null,
          null,
          null,
          9,
          null,
          null,
          9,
          null,
          9,
          null,
          null,
          null
        ]
      },
      "/home/bonnmasa/app/celeano/app/interactors/trigger_round_start_effects.rb": {
        "lines": [
          1,
          1,
          null,
          1,
          12,
          null,
          12,
          12,
          null,
          12,
          5,
          4,
          null,
          null,
          null,
          null
        ]
      },
      "/home/bonnmasa/app/celeano/app/interactors/execute_combat.rb": {
        "lines": [
          null,
          null,
          1,
          1,
          null,
          1,
          null
        ]
      },
      "/home/bonnmasa/app/celeano/app/interactors/resolve_damage.rb": {
        "lines": [
          1,
          1,
          null,
          1,
          22,
          null,
          21,
          21,
          21,
          null,
          21,
          null,
          21,
          null,
          null,
          21,
          null,
          null,
          21,
          null,
          null,
          21,
          null,
          21,
          null,
          null,
          null,
          1,
          null,
          1,
          21,
          18,
          18,
          null,
          18,
          null,
          null,
          null,
          null,
          null,
          null,
          null,
          1,
          21,
          18,
          18,
          18,
          null,
          null,
          null,
          null,
          1,
          21,
          null,
          18,
          18,
          null,
          null,
          null,
          1,
          18,
          18,
          18,
          18,
          null,
          18,
          18,
          null,
          null,
          18,
          null,
          18,
          null,
          null,
          null,
          null,
          null,
          null,
          null,
          null,
          null,
          null,
          1,
          21,
          null,
          63,
          null,
          21,
          2,
          null,
          1,
          null,
          null,
          1,
          1,
          1,
          null,
          null,
          null,
          null,
          null,
          1,
          18,
          null,
          7,
          null,
          null,
          null,
          null,
          null,
          null,
          11,
          null,
          null,
          null,
          null,
          null,
          null,
          null
        ]
      },
      "/home/bonnmasa/app/celeano/app/interactors/process_status_effects.rb": {
        "lines": [
          null,
          null,
          1,
          1,
          null,
          1,
          21,
          21,
          null,
          19,
          19,
          19,
          11,
          11,
          null,
          null,
          null,
          null,
          1,
          null,
          1,
          11,
          11,
          null,
          5,
          null,
          null,
          null,
          null,
          null,
          null,
          null,
          1,
          11,
          11,
          12,
          null,
          null,
          null,
          null,
          null,
          null,
          null
        ]
      },
      "/home/bonnmasa/app/celeano/app/interactors/trigger_round_end_effects.rb": {
        "lines": [
          1,
          1,
          null,
          1,
          13,
          null,
          13,
          13,
          13,
          null,
          null,
          null,
          1,
          null,
          1,
          13,
          null,
          13,
          6,
          5,
          null,
          null,
          null,
          1,
          13,
          null,
          13,
          5,
          5,
          null,
          null,
          null
        ]
      },
      "/home/bonnmasa/app/celeano/app/interactors/draw_phase.rb": {
        "lines": [
          null,
          null,
          1,
          1,
          null,
          1,
          null
        ]
      },
      "/home/bonnmasa/app/celeano/app/interactors/play_card.rb": {
        "lines": [
          1,
          1,
          null,
          1,
          null,
          1,
          3,
          3,
          null,
          null,
          null
        ]
      },
      "/home/bonnmasa/app/celeano/app/interactors/validate_play.rb": {
        "lines": [
          1,
          1,
          null,
          1,
          10,
          null,
          10,
          10,
          10,
          null,
          10,
          2,
          null,
          null,
          8,
          0,
          null,
          null,
          8,
          8,
          null,
          8,
          null,
          8,
          8,
          0,
          0,
          null,
          null,
          null,
          1,
          null,
          1,
          8,
          7,
          6,
          null,
          null,
          1,
          0,
          0,
          0,
          null,
          null,
          null,
          0,
          0,
          0,
          null,
          0,
          null,
          null,
          null,
          1,
          8,
          1,
          null,
          null,
          null,
          1,
          7,
          1,
          null,
          null,
          null,
          1,
          6,
          6,
          null,
          6,
          2,
          null,
          null,
          null,
          1,
          null,
          6,
          null,
          null,
          null,
          null,
          null
        ]
      },
      "/home/bonnmasa/app/celeano/app/interactors/process_card_movement.rb": {
        "lines": [
          1,
          1,
          null,
          1,
          7,
          7,
          null,
          7,
          null,
          5,
          5,
          4,
          null,
          null,
          2,
          2,
          null,
          null,
          null,
          null,
          null,
          null,
          null,
          null
        ]
      },
      "/home/bonnmasa/app/celeano/app/interactors/trigger_play_effect.rb": {
        "lines": [
          1,
          1,
          null,
          1,
          4,
          null,
          4,
          null,
          4,
          null,
          1,
          null,
          null
        ]
      },
      "/home/bonnmasa/app/celeano/app/interactors/setup_deck.rb": {
        "lines": [
          null,
          1,
          1,
          null,
          1,
          10,
          null,
          10,
          18,
          null,
          null,
          null,
          1,
          null,
          1,
          18,
          18,
          null,
          18,
          null,
          17,
          17,
          null,
          17,
          null,
          17,
          321,
          321,
          1,
          null,
          null,
          320,
          null,
          null,
          null,
          null,
          null,
          null,
          null,
          null,
          null,
          null,
          null,
          null,
          1,
          35,
          null,
          null,
          1,
          18,
          null,
          12,
          12,
          null,
          11,
          null,
          null
        ]
      },
      "/home/bonnmasa/app/celeano/app/interactors/shuffle_deck.rb": {
        "lines": [
          null,
          null,
          1,
          1,
          null,
          1,
          9,
          null,
          9,
          9,
          15,
          null,
          null,
          null,
          null,
          1,
          null,
          1,
          15,
          15,
          null,
          null,
          15,
          null,
          null,
          15,
          15,
          15,
          270,
          270,
          270,
          null,
          null,
          null,
          null,
          15,
          15,
          null,
          15,
          null,
          null
        ]
      },
      "/home/bonnmasa/app/celeano/app/interactors/start_game.rb": {
        "lines": [
          null,
          null,
          null,
          null,
          null,
          1,
          1,
          null,
          1,
          null
        ]
      },
      "/home/bonnmasa/app/celeano/app/interactors/create_first_turn.rb": {
        "lines": [
          null,
          1,
          1,
          null,
          1,
          6,
          null,
          6,
          null,
          null,
          null,
          null,
          6,
          null,
          null
        ]
      },
      "/home/bonnmasa/app/celeano/app/interactors/draw_initial_hands.rb": {
        "lines": [
          null,
          1,
          1,
          null,
          1,
          null,
          1,
          6,
          null,
          6,
          6,
          12,
          48,
          null,
          null,
          null,
          null,
          null
        ]
      },
      "/home/bonnmasa/app/celeano/app/interactors/toggle_ready.rb": {
        "lines": [
          null,
          null,
          1,
          1,
          null,
          1,
          8,
          8,
          8,
          null,
          8,
          8,
          null,
          8,
          null,
          null,
          8,
          null,
          null,
          8,
          null,
          4,
          null,
          4,
          4,
          null,
          4,
          4,
          null,
          4,
          null,
          null,
          null,
          8,
          null,
          4,
          null,
          null,
          4,
          null,
          null,
          null,
          null,
          null,
          null,
          null,
          1,
          null,
          1,
          8,
          null,
          null
        ]
      },
      "/home/bonnmasa/app/celeano/app/models/battle_log.rb": {
        "lines": [
          1,
          1,
          1,
          null,
          1,
          null
        ]
      },
      "/home/bonnmasa/app/celeano/app/models/card_effects.rb": {
        "lines": [
          null,
          1,
          null,
          null,
          null
        ]
      },
      "/home/bonnmasa/app/celeano/app/models/card_effects/context.rb": {
        "lines": [
          null,
          null,
          1,
          1,
          1,
          null,
          1,
          77,
          77,
          77,
          77,
          77,
          null,
          null,
          null,
          1,
          20,
          20,
          10,
          null,
          null,
          null,
          1,
          3,
          3,
          null,
          null,
          null,
          1,
          4,
          null,
          null,
          null,
          null,
          null,
          1,
          2,
          null,
          null,
          null,
          null,
          1,
          53,
          null,
          null,
          null,
          null,
          null,
          null,
          null
        ]
      },
      "/home/bonnmasa/app/celeano/app/models/card_effects/definitions/cthulhu_creatures.rb": {
        "lines": [
          1,
          1,
          1,
          null,
          null,
          null,
          null,
          null,
          null,
          null,
          1,
          1,
          1,
          null,
          null,
          null,
          null,
          1,
          1,
          1,
          null,
          null,
          null,
          null,
          1,
          1,
          1,
          null,
          null,
          null,
          null,
          1,
          1,
          1,
          null,
          null,
          null,
          null,
          1,
          1,
          1,
          null,
          null,
          null,
          null,
          null
        ]
      },
      "/home/bonnmasa/app/celeano/app/models/card_effects/definition.rb": {
        "lines": [
          null,
          null,
          1,
          1,
          1,
          null,
          1,
          53,
          null,
          null,
          null,
          null,
          null,
          1,
          15,
          0,
          null,
          15,
          15,
          15,
          null,
          null,
          null,
          null,
          1,
          1,
          null,
          null,
          null,
          null,
          null,
          null,
          null,
          null,
          null,
          null,
          null,
          null,
          null,
          null,
          1,
          15,
          null,
          null,
          1,
          12,
          15,
          null,
          null,
          null,
          1,
          15,
          null,
          null,
          null,
          null,
          1,
          1,
          15,
          15,
          null,
          null,
          1,
          null,
          1,
          null,
          null,
          null,
          null,
          null,
          null,
          null,
          null,
          null,
          null,
          1,
          8,
          15,
          null,
          null,
          null,
          null,
          null
        ]
      },
      "/home/bonnmasa/app/celeano/app/models/card_effects/steps/add_modifier.rb": {
        "lines": [
          null,
          1,
          1,
          1,
          null,
          null,
          null,
          null,
          null,
          1,
          11,
          11,
          null,
          11,
          13,
          null,
          null,
          null,
          1,
          null,
          1,
          13,
          null,
          13,
          null,
          null,
          null,
          13,
          null,
          null,
          null,
          null,
          13,
          null,
          13,
          null,
          null,
          null,
          null,
          null,
          null,
          null,
          null,
          null,
          null,
          null
        ]
      },
      "/home/bonnmasa/app/celeano/app/models/card_effects/steps/base_step.rb": {
        "lines": [
          null,
          null,
          1,
          1,
          1,
          1,
          58,
          null,
          null,
          null,
          null,
          1,
          0,
          null,
          null,
          1,
          null,
          1,
          null,
          null,
          1,
          40,
          null,
          40,
          null,
          26,
          null,
          null,
          2,
          2,
          1,
          null,
          1,
          null,
          null,
          null,
          0,
          0,
          0,
          null,
          0,
          null,
          null,
          6,
          null,
          3,
          null,
          1,
          null,
          2,
          null,
          0,
          null,
          0,
          null,
          null,
          null,
          null,
          1,
          37,
          37,
          null,
          36,
          12,
          null,
          32,
          null,
          null,
          null,
          null,
          null
        ]
      },
      "/home/bonnmasa/app/celeano/app/models/card_effects/effect_definition.rb": {
        "lines": [
          null,
          null,
          1,
          1,
          1,
          23,
          null,
          null,
          1,
          9,
          null,
          null,
          1,
          19,
          19,
          null,
          19,
          19,
          null,
          null,
          null,
          null
        ]
      },
      "/home/bonnmasa/app/celeano/app/models/card_effects/steps/heal_hp.rb": {
        "lines": [
          null,
          1,
          1,
          1,
          null,
          null,
          null,
          null,
          1,
          7,
          7,
          null,
          7,
          6,
          null,
          null,
          null,
          1,
          null,
          1,
          6,
          null,
          null,
          6,
          6,
          6,
          null,
          6,
          null,
          5,
          null,
          5,
          null,
          null,
          null,
          null,
          null,
          null,
          null,
          null
        ]
      },
      "/home/bonnmasa/app/celeano/app/models/card_effects/steps/double_attack.rb": {
        "lines": [
          null,
          1,
          1,
          1,
          null,
          null,
          null,
          1,
          9,
          9,
          null,
          8,
          null,
          null,
          1,
          null,
          1,
          8,
          8,
          null,
          7,
          null,
          7,
          null,
          null,
          null,
          null,
          null,
          null,
          1,
          null,
          8,
          null,
          null,
          5,
          null,
          5,
          4,
          4,
          null,
          4,
          4,
          4,
          4,
          null,
          null,
          null,
          null
        ]
      },
      "/home/bonnmasa/app/celeano/app/models/card_effects/definitions/cthulhu_spells.rb": {
        "lines": [
          null,
          1,
          1,
          1,
          null,
          1,
          1,
          1,
          null,
          null,
          null,
          null,
          1,
          1,
          1,
          null,
          null,
          null,
          null,
          1,
          1,
          1,
          null,
          null,
          null,
          null,
          1,
          1,
          1,
          null,
          null,
          null,
          null,
          1,
          1,
          1,
          null,
          null,
          null,
          null,
          null
        ]
      },
      "/home/bonnmasa/app/celeano/app/models/card_effects/steps/deal_damage.rb": {
        "lines": [
          null,
          1,
          1,
          1,
          null,
          null,
          null,
          null,
          1,
          7,
          7,
          null,
          7,
          7,
          9,
          null,
          null,
          null,
          null,
          1,
          null,
          1,
          7,
          7,
          7,
          null,
          null,
          1,
          9,
          9,
          null,
          9,
          8,
          null,
          null,
          null,
          null,
          null,
          1,
          1,
          null,
          null,
          null,
          null,
          null,
          null,
          null,
          null,
          null,
          null,
          null
        ]
      },
      "/home/bonnmasa/app/celeano/app/models/card_effects/definitions/hastur_spells.rb": {
        "lines": [
          null,
          1,
          1,
          1,
          null,
          1,
          1,
          1,
          null,
          null,
          null,
          null,
          1,
          1,
          1,
          null,
          null,
          null,
          null,
          1,
          1,
          1,
          null,
          null,
          null,
          null,
          1,
          1,
          1,
          null,
          null,
          null,
          null,
          1,
          1,
          1,
          null,
          null,
          null,
          null,
          null
        ]
      },
      "/home/bonnmasa/app/celeano/app/models/card_effects/steps/modify_san.rb": {
        "lines": [
          null,
          1,
          1,
          1,
          null,
          null,
          null,
          null,
          1,
          5,
          5,
          null,
          5,
          5,
          null,
          5,
          null,
          null,
          1,
          null,
          1,
          null,
          5,
          null,
          2,
          2,
          0,
          null,
          null,
          1,
          5,
          null,
          5,
          5,
          null,
          5,
          null,
          null,
          null,
          null,
          null,
          null,
          null,
          null,
          null
        ]
      },
      "/home/bonnmasa/app/celeano/app/models/card_effects/steps/destroy_unit.rb": {
        "lines": [
          null,
          1,
          1,
          1,
          null,
          null,
          null,
          1,
          4,
          4,
          null,
          null,
          null,
          1,
          null,
          1,
          4,
          4,
          null,
          3,
          null,
          3,
          null,
          3,
          null,
          3,
          null,
          null,
          null,
          null,
          null,
          null,
          null,
          null
        ]
      },
      "/home/bonnmasa/app/celeano/app/models/card_effects/steps/draw_cards.rb": {
        "lines": [
          null,
          1,
          1,
          1,
          null,
          null,
          null,
          1,
          3,
          3,
          null,
          3,
          3,
          null,
          null,
          null,
          null,
          3,
          3,
          3,
          null,
          3,
          3,
          5,
          null,
          null,
          3,
          1,
          null,
          null,
          3,
          null,
          null,
          null,
          null,
          null,
          null,
          null,
          null
        ]
      },
      "/home/bonnmasa/app/celeano/app/models/card_effects/steps/return_to_hand.rb": {
        "lines": [
          null,
          1,
          1,
          1,
          null,
          null,
          null,
          1,
          8,
          8,
          null,
          null,
          null,
          1,
          null,
          1,
          8,
          8,
          null,
          7,
          7,
          7,
          null,
          null,
          7,
          null,
          null,
          null,
          null,
          null,
          null,
          null,
          null,
          7,
          null,
          6,
          null,
          null,
          null,
          null,
          null,
          null,
          null,
          null,
          null
        ]
      },
      "/home/bonnmasa/app/celeano/app/models/card.rb": {
        "lines": [
          1,
          1,
          1,
          1,
          null,
          1,
          null,
          1,
          1,
          null,
          null,
          1,
          null,
          null,
          null,
          1,
          119,
          3,
          null,
          117,
          null,
          null,
          null,
          1,
          67,
          null,
          null,
          1,
          48,
          null,
          null,
          1,
          null,
          3,
          null,
          null,
          1,
          28,
          6,
          null,
          6,
          6,
          3,
          1,
          2,
          1,
          null,
          1,
          null,
          3,
          1,
          2,
          1,
          null,
          1,
          null,
          null,
          1,
          16,
          null,
          null,
          null,
          16,
          null,
          null,
          1,
          null,
          null,
          null,
          1,
          null,
          1,
          15,
          15,
          11,
          4,
          1,
          3,
          1,
          2,
          1,
          null,
          1,
          null,
          null,
          null
        ]
      },
      "/home/bonnmasa/app/celeano/app/models/damage_calculator.rb": {
        "lines": [
          null,
          1,
          1,
          25,
          25,
          null,
          null,
          1,
          22,
          22,
          22,
          null,
          null,
          1,
          null,
          1,
          null
        ]
      },
      "/home/bonnmasa/app/celeano/app/models/dice.rb": {
        "lines": [
          1,
          null,
          null,
          null,
          1,
          337,
          null,
          null,
          309,
          null,
          309,
          307,
          307,
          null,
          307,
          null,
          null,
          null,
          307,
          null,
          307,
          614,
          null,
          307,
          null,
          null,
          1,
          18,
          null,
          null,
          11,
          11,
          null,
          10,
          10,
          10,
          null,
          null,
          10,
          0,
          0,
          null,
          null,
          10,
          10,
          null,
          10,
          null,
          null
        ]
      },
      "/home/bonnmasa/app/celeano/app/models/game_card.rb": {
        "lines": [
          1,
          1,
          null,
          1,
          1,
          1,
          1,
          1,
          1,
          1,
          null,
          1,
          1,
          null,
          1,
          1,
          1,
          null,
          1,
          null,
          1,
          null,
          1,
          19,
          null,
          18,
          18,
          null,
          null,
          1,
          53,
          51,
          null,
          2,
          null,
          null,
          null,
          1,
          19,
          null,
          null,
          1,
          25,
          25,
          null,
          null,
          1,
          11,
          0,
          null,
          11,
          null,
          null,
          11,
          11,
          null,
          null,
          1,
          147,
          122,
          null,
          29,
          null,
          null,
          null,
          1,
          125,
          125,
          125,
          null,
          9,
          7,
          null,
          2,
          null,
          null,
          null,
          1,
          11,
          11,
          null,
          null,
          11,
          11,
          null,
          null,
          11,
          null,
          null,
          11,
          null,
          11,
          null,
          null,
          null,
          1,
          0,
          null,
          null,
          1,
          77,
          null,
          null,
          null,
          null,
          null,
          null,
          1,
          32,
          null,
          null,
          null,
          null,
          null,
          null,
          null,
          null,
          null,
          1,
          4,
          null,
          null,
          null,
          null,
          null,
          null,
          1,
          11,
          null,
          null,
          null,
          null,
          null,
          null,
          null,
          1,
          50,
          50,
          null,
          10,
          null,
          null,
          null,
          null,
          null,
          10,
          10,
          null,
          9,
          null,
          null,
          1,
          2,
          2,
          null,
          0,
          0,
          null,
          null,
          1,
          null,
          1,
          1075,
          null,
          1075,
          0,
          null,
          null,
          null,
          1,
          1075,
          14,
          1,
          null,
          null,
          null,
          1,
          9,
          null,
          null,
          null,
          null,
          null,
          null,
          null,
          null,
          null,
          1,
          10,
          null,
          10,
          1,
          1,
          9,
          8,
          8,
          null,
          null,
          null,
          1,
          879,
          879,
          null,
          null
        ]
      },
      "/home/bonnmasa/app/celeano/app/models/game_player.rb": {
        "lines": [
          1,
          1,
          null,
          1,
          1,
          1,
          null,
          1,
          1,
          null,
          1,
          null,
          1,
          8,
          null,
          null,
          1,
          1,
          null,
          1,
          17,
          null,
          null,
          1,
          17,
          null,
          null,
          1,
          105,
          936,
          null,
          57,
          null,
          null,
          null,
          1,
          118,
          121,
          null,
          69,
          null,
          null,
          null,
          1,
          0,
          0,
          null,
          0,
          null,
          null,
          null,
          1,
          10,
          10,
          10,
          null,
          null,
          1,
          41,
          null,
          null,
          1,
          11,
          11,
          11,
          null,
          null,
          1,
          74,
          74,
          null,
          71,
          48,
          null,
          23,
          null,
          71,
          null,
          71,
          71,
          null,
          71,
          null,
          null,
          1,
          13,
          2,
          null,
          null,
          11,
          11,
          null,
          11,
          null,
          null,
          null,
          null,
          null,
          null,
          null,
          1,
          5,
          5,
          null,
          4,
          null,
          null,
          null
        ]
      },
      "/home/bonnmasa/app/celeano/app/models/matchmaking_queue.rb": {
        "lines": [
          1,
          1,
          null,
          1,
          1,
          null
        ]
      },
      "/home/bonnmasa/app/celeano/app/models/move.rb": {
        "lines": [
          1,
          1,
          1,
          null,
          1,
          null,
          1,
          1,
          null,
          1,
          1,
          null,
          1,
          1,
          1,
          null
        ]
      },
      "/home/bonnmasa/app/celeano/app/models/target_resolver.rb": {
        "lines": [
          null,
          null,
          1,
          1,
          null,
          1,
          13,
          13,
          null,
          null,
          1,
          18,
          null,
          null,
          1,
          9,
          null,
          null,
          1,
          null,
          1,
          null,
          1,
          9,
          9,
          null,
          null,
          null,
          null,
          null,
          1,
          15,
          1,
          3,
          11,
          null,
          null,
          null,
          1,
          7,
          null,
          null,
          null,
          7,
          null,
          null,
          1,
          4,
          null,
          null
        ]
      },
      "/home/bonnmasa/app/celeano/app/models/turn.rb": {
        "lines": [
          1,
          1,
          1,
          1,
          null,
          1,
          null,
          null,
          1,
          null,
          null,
          1,
          null,
          1,
          55,
          null,
          null,
          1,
          22,
          null,
          null,
          null,
          null,
          null,
          1,
          9,
          null,
          null,
          1,
          null,
          22,
          null,
          22,
          22,
          null,
          9,
          9,
          null,
          9,
          12,
          12,
          null,
          12,
          12,
          12,
          null,
          null,
          9,
          null,
          null
        ]
      },
      "/home/bonnmasa/app/celeano/app/models/user.rb": {
        "lines": [
          1,
          null,
          null,
          null,
          1,
          1,
          null,
          1,
          null,
          null,
          1416,
          null,
          null,
          null,
          null,
          null,
          1,
          null,
          null,
          null,
          null,
          1,
          1,
          null,
          1,
          1,
          null,
          1,
          1,
          1,
          null,
          null,
          null,
          null,
          1,
          1,
          null,
          null,
          1,
          1,
          null,
          1,
          15,
          15,
          null,
          null,
          1,
          3,
          null,
          null,
          1,
          null,
          1,
          5,
          2,
          2,
          null,
          null,
          null
        ]
      },
      "/home/bonnmasa/app/celeano/app/services/game/broadcast_battle_logs.rb": {
        "lines": [
          1,
          1,
          null,
          5,
          null,
          null,
          5,
          null,
          10,
          null,
          null,
          null,
          null,
          null,
          null,
          null
        ]
      },
      "/home/bonnmasa/app/celeano/app/models/game_card_modifier.rb": {
        "lines": [
          1,
          1,
          null,
          1,
          null,
          null,
          null,
          null,
          null,
          null,
          1,
          null,
          null,
          null,
          null,
          1,
          1,
          1,
          1,
          1,
          1,
          null
        ]
      },
      "/home/bonnmasa/app/celeano/app/controllers/lobby_controller.rb": {
        "lines": [
          1,
          1,
          null,
          null,
          14,
          null,
          null,
          null,
          null,
          null,
          null,
          null,
          null,
          null,
          null,
          null,
          null,
          null,
          null,
          null,
          null,
          null,
          null
        ]
      },
      "/home/bonnmasa/app/celeano/app/controllers/application_controller.rb": {
        "lines": [
          1,
          1,
          null,
          null,
          1,
          null,
          null,
          1,
          null,
          1,
          null,
          null,
          null,
          null,
          1,
          92,
          92,
          null,
          1,
          null
        ]
      },
      "/home/bonnmasa/app/celeano/app/controllers/concerns/authentication.rb": {
        "lines": [
          1,
          1,
          null,
          1,
          1,
          1,
          null,
          null,
          1,
          1,
          5,
          null,
          null,
          null,
          1,
          1,
          13,
          null,
          null,
          1,
          52,
          null,
          null,
          1,
          157,
          null,
          null,
          1,
          65,
          null,
          null,
          1,
          6,
          6,
          5,
          5,
          null,
          6,
          0,
          0,
          null,
          7,
          6,
          null,
          null,
          null,
          1,
          41,
          null,
          null,
          1,
          42,
          42,
          42,
          null,
          null,
          null,
          1,
          2,
          2,
          null,
          null
        ]
      },
      "/home/bonnmasa/app/celeano/app/models/current.rb": {
        "lines": [
          1,
          1,
          1,
          null
        ]
      },
      "/home/bonnmasa/app/celeano/app/controllers/sessions_controller.rb": {
        "lines": [
          1,
          1,
          1,
          null,
          1,
          null,
          null,
          1,
          42,
          41,
          41,
          null,
          1,
          null,
          null,
          null,
          1,
          2,
          2,
          null,
          null
        ]
      },
      "/home/bonnmasa/app/celeano/app/models/session.rb": {
        "lines": [
          1,
          1,
          null
        ]
      },
      "/home/bonnmasa/app/celeano/app/components/lobby/deck_selector_component.rb": {
        "lines": [
          null,
          null,
          1,
          1,
          1,
          14,
          null,
          null,
          1,
          28,
          null,
          null,
          1,
          14,
          null,
          null,
          null
        ]
      },
      "/home/bonnmasa/app/celeano/app/models/card_effects/registry.rb": {
        "lines": [
          null,
          null,
          1,
          1,
          null,
          null,
          null,
          5,
          4,
          4,
          null,
          null,
          1,
          null,
          1,
          null,
          null,
          null,
          1,
          45,
          null,
          null,
          null,
          1,
          3,
          3,
          null,
          null,
          null,
          1,
          null,
          1,
          45,
          45,
          null,
          null,
          null,
          1,
          4,
          12,
          12,
          60,
          0,
          null,
          60,
          null,
          null,
          null,
          null,
          null,
          null
        ]
      },
      "/home/bonnmasa/app/celeano/app/interactors/join_matchmaking.rb": {
        "lines": [
          1,
          1,
          null,
          1,
          15,
          15,
          null,
          15,
          15,
          1,
          1,
          1,
          null,
          null,
          14,
          null,
          14,
          null,
          null,
          14,
          null,
          14,
          7,
          null,
          7,
          null,
          null,
          null,
          14,
          7,
          null,
          null,
          null,
          null,
          null,
          null,
          null,
          null,
          null,
          1,
          null,
          1,
          14,
          null,
          null,
          null,
          null,
          null,
          1,
          7,
          7,
          null,
          null,
          7,
          null,
          null,
          7,
          7,
          null,
          null,
          7,
          null,
          null,
          7,
          null,
          7,
          null,
          null,
          1,
          7,
          7,
          null,
          null
        ]
      },
      "/home/bonnmasa/app/celeano/app/controllers/home_controller.rb": {
        "lines": [
          1,
          1,
          null,
          1,
          7,
          5,
          5,
          null,
          null,
          null
        ]
      },
      "/home/bonnmasa/app/celeano/app/controllers/api/decks_controller.rb": {
        "lines": [
          1,
          1,
          1,
          1,
          null,
          1,
          3,
          2,
          null,
          null,
          null,
          null,
          null,
          1,
          null,
          null,
          null,
          null,
          null,
          null,
          1,
          null,
          1,
          3,
          null,
          null,
          null,
          1,
          4,
          1,
          null,
          null,
          null,
          null
        ]
      },
      "/home/bonnmasa/app/celeano/app/models/card_keyword.rb": {
        "lines": [
          1,
          1,
          1,
          null,
          1,
          null
        ]
      },
      "/home/bonnmasa/app/celeano/app/models/keyword.rb": {
        "lines": [
          1,
          1,
          1,
          null,
          1,
          null
        ]
      },
      "/home/bonnmasa/app/celeano/app/controllers/card_plays_controller.rb": {
        "lines": [
          1,
          1,
          1,
          null,
          1,
          5,
          5,
          0,
          null,
          null,
          null,
          null,
          null,
          5,
          null,
          null,
          null,
          null,
          null,
          null,
          null,
          null,
          5,
          null,
          null,
          1,
          2,
          null,
          null,
          null,
          null,
          null,
          2,
          null,
          null
        ]
      },
      "/home/bonnmasa/app/celeano/app/controllers/concerns/game_context_loader.rb": {
        "lines": [
          1,
          1,
          null,
          1,
          3,
          null,
          null,
          1,
          null,
          1,
          21,
          19,
          15,
          15,
          null,
          6,
          11,
          7,
          null,
          null,
          null
        ]
      },
      "/home/bonnmasa/app/celeano/app/controllers/concerns/game_action_helper.rb": {
        "lines": [
          1,
          1,
          1,
          null,
          1,
          12,
          8,
          null,
          8,
          10,
          11,
          11,
          null,
          null,
          4,
          4,
          6,
          6,
          null,
          null,
          null,
          null
        ]
      },
      "/home/bonnmasa/app/celeano/app/controllers/games_controller.rb": {
        "lines": [
          1,
          1,
          null,
          1,
          null,
          1,
          null,
          1,
          null,
          2,
          2,
          null,
          null,
          null,
          null,
          null,
          1,
          null,
          null,
          null,
          1,
          0,
          null,
          null,
          null
        ]
      },
      "/home/bonnmasa/app/celeano/app/controllers/concerns/game_authenticatable.rb": {
        "lines": [
          null,
          null,
          1,
          1,
          null,
          1,
          1,
          null,
          null,
          1,
          null,
          1,
          3,
          null,
          3,
          1,
          1,
          null,
          null,
          null,
          null,
          2,
          1,
          null,
          null,
          null
        ]
      },
      "/home/bonnmasa/app/celeano/app/controllers/registrations_controller.rb": {
        "lines": [
          1,
          1,
          1,
          null,
          1,
          3,
          null,
          null,
          1,
          3,
          null,
          3,
          1,
          1,
          null,
          2,
          null,
          null,
          null,
          1,
          null,
          1,
          3,
          null,
          null
        ]
      },
      "/home/bonnmasa/app/celeano/app/controllers/passwords_controller.rb": {
        "lines": [
          1,
          1,
          1,
          1,
          null,
          1,
          null,
          null,
          1,
          1,
          1,
          null,
          null,
          1,
          null,
          null,
          1,
          null,
          null,
          1,
          1,
          1,
          1,
          null,
          0,
          null,
          null,
          null,
          1,
          null,
          1,
          2,
          null,
          0,
          null,
          null
        ]
      },
      "/home/bonnmasa/app/celeano/app/mailers/passwords_mailer.rb": {
        "lines": [
          1,
          1,
          0,
          0,
          null,
          null
        ]
      },
      "/home/bonnmasa/app/celeano/app/mailers/application_mailer.rb": {
        "lines": [
          1,
          1,
          1,
          null
        ]
      },
      "/home/bonnmasa/app/celeano/app/controllers/surrenders_controller.rb": {
        "lines": [
          1,
          1,
          1,
          null,
          1,
          4,
          3,
          null,
          1,
          null,
          4,
          null,
          null
        ]
      },
      "/home/bonnmasa/app/celeano/app/models/game_action_result.rb": {
        "lines": [
          1,
          1,
          4,
          null,
          null,
          1,
          4,
          null,
          null,
          1,
          4,
          null,
          null,
          1,
          0,
          null,
          null
        ]
      },
      "/home/bonnmasa/app/celeano/app/controllers/matchmaking_controller.rb": {
        "lines": [
          1,
          1,
          3,
          3,
          null,
          3,
          2,
          null,
          1,
          null,
          null,
          null,
          1,
          2,
          2,
          null,
          2,
          1,
          1,
          1,
          null,
          null,
          null,
          1,
          1,
          1,
          null,
          null
        ]
      },
      "/home/bonnmasa/app/celeano/app/controllers/ready_states_controller.rb": {
        "lines": [
          1,
          1,
          1,
          null,
          1,
          4,
          null,
          null,
          null,
          null,
          4,
          null,
          null,
          4,
          3,
          3,
          1,
          1,
          null,
          3,
          2,
          2,
          null,
          null,
          3,
          null,
          null,
          1,
          null,
          null
        ]
      },
      "/home/bonnmasa/app/celeano/app/controllers/debug_controller.rb": {
        "lines": [
          0,
          0,
          null,
          0,
          0
        ],
        "branches": {}
      },
      "/home/bonnmasa/app/celeano/app/jobs/application_job.rb": {
        "lines": [
          0,
          null,
          null,
          null,
          null,
          null,
          0
        ],
        "branches": {}
      }
    },
    "timestamp": 1768986949
  }
}
